<?xml version="1.0" encoding="utf-8"?><testsuites name="pytest tests"><testsuite name="pytest" errors="0" failures="0" skipped="0" tests="11" time="2.365" timestamp="2026-08-11T14:48:06.311026+00:00" hostname="agent-env-c4d26697-a00f-4d7d-81f6-51638c50a80d"><testcase classname="tests.test_stop_loss_v2" name="test_config_has_new_fields" time="0.162" /><testcase classname="tests.test_stop_loss_v2" name="test_config_put_persists_new_fields" time="0.286" /><testcase classname="tests.test_stop_loss_v2" name="test_signals_have_atr_fields" time="0.045" /><testcase classname="tests.test_stop_loss_v2" name="test_signals_stop_distance_ge_1p5_atr" time="0.041" /><testcase classname="tests.test_stop_loss_v2" name="test_signals_stop_beyond_opposite_fvg_edge" time="0.043" /><testcase classname="tests.test_stop_loss_v2" name="test_signals_rr_gate" time="0.041" /><testcase classname="tests.test_stop_loss_v2" name="test_trigger_scan" time="0.043" /><testcase classname="tests.test_stop_loss_v2" name="test_stop_debug_log_schema" time="0.040" /><testcase classname="tests.test_stop_loss_v2" name="test_slippage_log" time="0.041" /><testcase classname="tests.test_stop_loss_v2" name="test_feed_status" time="0.078" /><testcase classname="tests.test_stop_loss_v2" name="test_paper_execute_and_stop_debug_pending" time="1.233" /></testsuite></testsuites>