<?xml version="1.0" encoding="utf-8"?><testsuites name="pytest tests"><testsuite name="pytest" errors="0" failures="0" skipped="0" tests="8" time="1.696" timestamp="2026-08-12T16:48:59.491803+00:00" hostname="agent-env-c4d26697-a00f-4d7d-81f6-51638c50a80d"><testcase classname="tests.test_position_management.TestConfigNewFields" name="test_get_config_has_new_defaults" time="0.250" /><testcase classname="tests.test_position_management.TestRegressionEndpoints" name="test_setup_debug_log" time="0.250" /><testcase classname="tests.test_position_management.TestConfigNewFields" name="test_put_config_persists_new_field" time="0.281" /><testcase classname="tests.test_position_management.TestRegressionEndpoints" name="test_stop_debug_log" time="0.061" /><testcase classname="tests.test_position_management.TestRegressionEndpoints" name="test_slippage_log" time="0.038" /><testcase classname="tests.test_position_management.TestRegressionEndpoints" name="test_feed_status" time="0.031" /><testcase classname="tests.test_position_management.TestRegressionEndpoints" name="test_signals_schema_unchanged" time="0.040" /><testcase classname="tests.test_position_management.TestPaperFlowManagementSchema" name="test_set_spot_reset_and_open" time="0.792" /></testsuite></testsuites>